SF:lib/bloc/points_event.dart
DA:6,2
DA:8,1
DA:9,1
DA:17,2
DA:19,1
DA:20,2
DA:26,1
DA:32,0
DA:37,0
LF:9
LH:7
end_of_record
SF:lib/model/level.dart
DA:3,1
DA:6,0
DA:8,0
DA:9,0
DA:10,0
DA:11,0
DA:12,0
DA:13,0
DA:15,0
DA:19,0
DA:21,0
DA:23,0
DA:25,0
DA:28,0
DA:37,0
DA:39,0
DA:41,0
DA:42,0
DA:43,0
DA:44,0
DA:45,0
DA:46,0
DA:47,0
DA:48,0
DA:49,0
DA:51,0
DA:52,0
DA:53,0
DA:54,0
DA:55,0
DA:56,0
DA:57,0
DA:58,0
DA:59,0
DA:60,0
DA:61,0
DA:62,0
DA:65,0
LF:38
LH:1
end_of_record
SF:lib/model/skate_point.dart
DA:13,2
DA:19,10
DA:21,2
DA:22,10
DA:24,0
DA:26,0
DA:27,0
DA:28,0
DA:29,0
DA:30,0
DA:33,1
DA:34,1
DA:35,1
DA:36,1
DA:37,1
DA:39,1
DA:43,1
DA:44,1
DA:45,1
DA:46,1
DA:47,1
DA:48,1
LF:22
LH:16
end_of_record
SF:lib/bloc/points_bloc.dart
DA:11,1
DA:13,2
DA:16,1
DA:19,1
DA:20,2
DA:21,1
DA:22,2
DA:23,1
DA:24,0
DA:25,1
DA:26,2
DA:30,1
DA:31,1
DA:32,6
DA:33,1
DA:45,1
DA:46,3
DA:49,0
DA:50,0
DA:53,1
DA:54,4
DA:57,1
DA:59,2
DA:60,1
LF:24
LH:21
end_of_record
SF:lib/bloc/points_state.dart
DA:5,1
DA:7,0
DA:8,0
DA:16,1
DA:18,1
DA:19,2
LF:6
LH:4
end_of_record
SF:lib/entity/skate_point_entity.dart
DA:11,1
DA:19,0
DA:20,0
DA:22,0
DA:23,0
DA:26,0
DA:27,0
DA:28,0
DA:29,0
DA:30,0
DA:31,0
DA:32,0
DA:36,1
DA:37,1
DA:38,1
DA:39,1
DA:40,1
DA:41,1
DA:42,1
DA:46,1
DA:47,1
DA:48,1
DA:49,1
DA:50,1
DA:51,1
LF:25
LH:14
end_of_record
SF:lib/repository/points_firebase_repository.dart
DA:9,1
DA:12,1
DA:13,2
DA:14,1
DA:15,2
DA:16,1
DA:17,2
DA:18,1
DA:20,1
DA:21,2
DA:22,2
DA:23,4
DA:25,1
DA:27,1
DA:28,3
DA:29,1
DA:36,1
DA:37,2
DA:38,3
DA:44,1
DA:46,3
DA:47,1
DA:48,1
DA:49,1
DA:50,2
DA:51,1
DA:54,1
LF:27
LH:27
end_of_record
